Sun Aug  9 01:13:48 IST 2020

PLAY [play for deploying branch on local] **************************************

TASK [git] *********************************************************************
changed: [localhost]

PLAY [play for copy data to the web server] ************************************

TASK [Backup Old Data -80] *****************************************************
ok: [172.27.16.54]

TASK [removing old data with folder tc] ****************************************
changed: [172.27.16.54]

TASK [extracting data to the docroot -80] **************************************
changed: [172.27.16.54]

TASK [copying app-config to js-80] *********************************************
changed: [172.27.16.54]

TASK [Backup Old Data -8080] ***************************************************
skipping: [172.27.16.54]

TASK [removing old data with folder new-tc] ************************************
skipping: [172.27.16.54]

TASK [extracting  data to the docroot -8080] ***********************************
skipping: [172.27.16.54]

TASK [copying app-config to js-8080] *******************************************
skipping: [172.27.16.54]

PLAY [Telegram Messege to remind me] *******************************************

TASK [Sending messege] *********************************************************
[WARNING]: The value ******** (type int) in a string field was converted to
u'********' (type string). If this does not look like what you expect, quote
the entire value to ensure it does not change.
changed: [localhost]

PLAY RECAP *********************************************************************
172.27.16.54               : ok=4    changed=3    unreachable=0    failed=0    skipped=4    rescued=0    ignored=0   
localhost                  : ok=2    changed=2    unreachable=0    failed=0    skipped=0    rescued=0    ignored=0   

Sun Aug  9 01:14:51 IST 2020
Sat Aug 22 00:36:47 IST 2020

PLAY [play for deploying branch on local] **************************************

TASK [git] *********************************************************************
changed: [localhost]

PLAY [play for copy data to the web server] ************************************

TASK [Backup Old Data -80] *****************************************************
skipping: [172.27.16.54]

TASK [removing old data with folder tc] ****************************************
skipping: [172.27.16.54]

TASK [extracting data to the docroot -80] **************************************
skipping: [172.27.16.54]

TASK [copying app-config to js-80] *********************************************
skipping: [172.27.16.54]

TASK [Backup Old Data -8080] ***************************************************
changed: [172.27.16.54]

TASK [removing old data with folder new-tc] ************************************
changed: [172.27.16.54]

TASK [extracting  data to the docroot -8080] ***********************************
changed: [172.27.16.54]

TASK [copying app-config to js-8080] *******************************************
changed: [172.27.16.54]

PLAY [Telegram Messege to remind me] *******************************************

TASK [Sending messege] *********************************************************
[WARNING]: The value ******** (type int) in a string field was converted to
u'********' (type string). If this does not look like what you expect, quote
the entire value to ensure it does not change.
changed: [localhost]

PLAY RECAP *********************************************************************
172.27.16.54               : ok=4    changed=4    unreachable=0    failed=0    skipped=4    rescued=0    ignored=0   
localhost                  : ok=2    changed=2    unreachable=0    failed=0    skipped=0    rescued=0    ignored=0   

Sat Aug 22 00:38:05 IST 2020
Sat Aug 22 04:29:23 IST 2020

PLAY [play for deploying branch on local] **************************************

TASK [Pulling from git] ********************************************************
changed: [localhost]

TASK [mvn clean install] *******************************************************
changed: [localhost]

PLAY [play for copy data to the web server] ************************************

TASK [copy portal core] ********************************************************
changed: [172.27.16.52]

TASK [uninstalling portal.core-1.0-SNAPSHOT.jar from 7501] *********************
skipping: [172.27.16.52]

TASK [installing portal.core-1.0-SNAPSHOT.jar from 7501] ***********************
skipping: [172.27.16.52]

TASK [Starting  portal.core-1.0-SNAPSHOT.jar from 7501] ************************
skipping: [172.27.16.52]

TASK [uninstalling portal.core-1.0-SNAPSHOT.jar from 7505] *********************
changed: [172.27.16.52]

TASK [installing portal.core-1.0-SNAPSHOT.jar from 7505] ***********************
changed: [172.27.16.52]

TASK [Starting  portal.core-1.0-SNAPSHOT.jar from 7505] ************************
changed: [172.27.16.52]

PLAY [Telegram Messege to remind me] *******************************************

TASK [Sending messege] *********************************************************
[WARNING]: The value ******** (type int) in a string field was converted to
u'********' (type string). If this does not look like what you expect, quote
the entire value to ensure it does not change.
changed: [localhost]

PLAY RECAP *********************************************************************
172.27.16.52               : ok=4    changed=4    unreachable=0    failed=0    skipped=3    rescued=0    ignored=0   
localhost                  : ok=3    changed=3    unreachable=0    failed=0    skipped=0    rescued=0    ignored=0   

Sat Aug 22 04:33:22 IST 2020
Mon Aug 24 12:01:28 IST 2020

PLAY [play for deploying branch on local] **************************************

TASK [Pulling from git] ********************************************************
changed: [localhost]

TASK [mvn clean install] *******************************************************
changed: [localhost]

PLAY [play for copy data to the web server] ************************************

TASK [copy portal core] ********************************************************
changed: [172.27.16.52]

TASK [uninstalling portal.core-1.0-SNAPSHOT.jar from 7501] *********************
skipping: [172.27.16.52]

TASK [installing portal.core-1.0-SNAPSHOT.jar from 7501] ***********************
skipping: [172.27.16.52]

TASK [Starting  portal.core-1.0-SNAPSHOT.jar from 7501] ************************
skipping: [172.27.16.52]

TASK [uninstalling portal.core-1.0-SNAPSHOT.jar from 7505] *********************
changed: [172.27.16.52]

TASK [installing portal.core-1.0-SNAPSHOT.jar from 7505] ***********************
changed: [172.27.16.52]

TASK [Starting  portal.core-1.0-SNAPSHOT.jar from 7505] ************************
changed: [172.27.16.52]

PLAY [Telegram Messege to remind me] *******************************************

TASK [Sending messege] *********************************************************
[WARNING]: The value ******** (type int) in a string field was converted to
u'********' (type string). If this does not look like what you expect, quote
the entire value to ensure it does not change.
changed: [localhost]

PLAY RECAP *********************************************************************
172.27.16.52               : ok=4    changed=4    unreachable=0    failed=0    skipped=3    rescued=0    ignored=0   
localhost                  : ok=3    changed=3    unreachable=0    failed=0    skipped=0    rescued=0    ignored=0   

Mon Aug 24 12:04:39 IST 2020
Tue Aug 25 07:20:05 IST 2020

PLAY [play for deploying branch on local] **************************************

TASK [git] *********************************************************************
 [ERROR]: User interrupted execution
Tue Aug 25 07:20:12 IST 2020
Tue Aug 25 07:20:30 IST 2020

PLAY [play for deploying branch on local] **************************************

TASK [git] *********************************************************************
ok: [localhost]

PLAY [play for copy data to the web server] ************************************

TASK [Backup Old Data -80] *****************************************************
fatal: [172.27.16.54]: UNREACHABLE! => {"changed": false, "msg": "Failed to connect to the host via ssh: ssh: connect to host 172.27.16.54 port 22: Connection timed out", "unreachable": true}

PLAY RECAP *********************************************************************
172.27.16.54               : ok=0    changed=0    unreachable=1    failed=0    skipped=0    rescued=0    ignored=0   
localhost                  : ok=1    changed=0    unreachable=0    failed=0    skipped=0    rescued=0    ignored=0   

Tue Aug 25 07:21:05 IST 2020
Mon Sep  7 08:28:57 IST 2020

PLAY [play for deploying branch on local] **************************************

TASK [git] *********************************************************************
changed: [localhost]

PLAY [play for copy data to the web server] ************************************

TASK [Backup Old Data -80] *****************************************************
skipping: [172.27.16.54]

TASK [removing old data with folder tc] ****************************************
skipping: [172.27.16.54]

TASK [extracting data to the docroot -80] **************************************
skipping: [172.27.16.54]

TASK [copying app-config to js-80] *********************************************
skipping: [172.27.16.54]

TASK [Backup Old Data -8080] ***************************************************
changed: [172.27.16.54]

TASK [removing old data with folder new-tc] ************************************
changed: [172.27.16.54]

TASK [extracting  data to the docroot -8080] ***********************************
changed: [172.27.16.54]

TASK [copying app-config to js-8080] *******************************************
changed: [172.27.16.54]

PLAY [Telegram Messege to remind me] *******************************************

TASK [Sending messege] *********************************************************
[WARNING]: The value ******** (type int) in a string field was converted to
u'********' (type string). If this does not look like what you expect, quote
the entire value to ensure it does not change.
changed: [localhost]

PLAY RECAP *********************************************************************
172.27.16.54               : ok=4    changed=4    unreachable=0    failed=0    skipped=4    rescued=0    ignored=0   
localhost                  : ok=2    changed=2    unreachable=0    failed=0    skipped=0    rescued=0    ignored=0   

Mon Sep  7 08:29:53 IST 2020
Mon Sep 14 19:29:20 IST 2020

PLAY [play for deploying branch on local] **************************************

TASK [git] *********************************************************************
changed: [localhost]

PLAY [play for copy data to the web server] ************************************

TASK [Backup Old Data -80] *****************************************************
changed: [172.27.16.54]

TASK [removing old data with folder tc] ****************************************
changed: [172.27.16.54]

TASK [extracting data to the docroot -80] **************************************
changed: [172.27.16.54]

TASK [copying app-config to js-80] *********************************************
changed: [172.27.16.54]

TASK [Backup Old Data -8080] ***************************************************
ok: [172.27.16.54]

TASK [removing old data with folder new-tc] ************************************
changed: [172.27.16.54]

TASK [extracting  data to the docroot -8080] ***********************************
changed: [172.27.16.54]

TASK [copying app-config to js-8080] *******************************************
changed: [172.27.16.54]

PLAY [Telegram Messege to remind me] *******************************************

TASK [Sending messege] *********************************************************
[WARNING]: The value ******** (type int) in a string field was converted to
u'********' (type string). If this does not look like what you expect, quote
the entire value to ensure it does not change.
changed: [localhost]

PLAY RECAP *********************************************************************
172.27.16.54               : ok=8    changed=7    unreachable=0    failed=0    skipped=0    rescued=0    ignored=0   
localhost                  : ok=2    changed=2    unreachable=0    failed=0    skipped=0    rescued=0    ignored=0   

Mon Sep 14 19:33:49 IST 2020
Tue Oct  6 00:57:49 IST 2020

PLAY [play for deploying branch on local] **************************************

TASK [git] *********************************************************************
changed: [localhost]

PLAY [play for copy data to the web server] ************************************

TASK [Backup Old Data -80] *****************************************************
skipping: [172.27.16.54]

TASK [removing old data with folder tc] ****************************************
skipping: [172.27.16.54]

TASK [extracting data to the docroot -80] **************************************
skipping: [172.27.16.54]

TASK [copying app-config to js-80] *********************************************
skipping: [172.27.16.54]

TASK [Backup Old Data -8080] ***************************************************
changed: [172.27.16.54]

TASK [removing old data with folder new-tc] ************************************
changed: [172.27.16.54]

TASK [extracting  data to the docroot -8080] ***********************************
changed: [172.27.16.54]

TASK [copying app-config to js-8080] *******************************************
changed: [172.27.16.54]

PLAY [Telegram Messege to remind me] *******************************************

TASK [Sending messege] *********************************************************
[WARNING]: The value ******** (type int) in a string field was converted to
u'********' (type string). If this does not look like what you expect, quote
the entire value to ensure it does not change.
changed: [localhost]

PLAY RECAP *********************************************************************
172.27.16.54               : ok=4    changed=4    unreachable=0    failed=0    skipped=4    rescued=0    ignored=0   
localhost                  : ok=2    changed=2    unreachable=0    failed=0    skipped=0    rescued=0    ignored=0   

Tue Oct  6 00:59:06 IST 2020
Thu Oct 15 03:44:11 IST 2020

PLAY [play for deploying branch on local] **************************************

TASK [git] *********************************************************************
changed: [localhost]

PLAY [play for copy data to the web server] ************************************

TASK [Backup Old Data -80] *****************************************************
skipping: [172.27.16.54]

TASK [removing old data with folder tc] ****************************************
skipping: [172.27.16.54]

TASK [extracting data to the docroot -80] **************************************
skipping: [172.27.16.54]

TASK [copying app-config to js-80] *********************************************
skipping: [172.27.16.54]

TASK [Backup Old Data -8080] ***************************************************
changed: [172.27.16.54]

TASK [removing old data with folder new-tc] ************************************
changed: [172.27.16.54]

TASK [extracting  data to the docroot -8080] ***********************************
changed: [172.27.16.54]

TASK [copying app-config to js-8080] *******************************************
changed: [172.27.16.54]

PLAY [Telegram Messege to remind me] *******************************************

TASK [Sending messege] *********************************************************
[WARNING]: The value ******** (type int) in a string field was converted to
u'********' (type string). If this does not look like what you expect, quote
the entire value to ensure it does not change.
changed: [localhost]

PLAY RECAP *********************************************************************
172.27.16.54               : ok=4    changed=4    unreachable=0    failed=0    skipped=4    rescued=0    ignored=0   
localhost                  : ok=2    changed=2    unreachable=0    failed=0    skipped=0    rescued=0    ignored=0   

Thu Oct 15 03:45:51 IST 2020
Thu Oct 15 04:19:29 IST 2020

PLAY [play for deploying branch on local] **************************************

TASK [git] *********************************************************************
ok: [localhost]

PLAY [play for copy data to the web server] ************************************

TASK [Backup Old Data -80] *****************************************************
changed: [172.27.16.54]

TASK [removing old data with folder tc] ****************************************
changed: [172.27.16.54]

TASK [extracting data to the docroot -80] **************************************
changed: [172.27.16.54]

TASK [copying app-config to js-80] *********************************************
changed: [172.27.16.54]

TASK [Backup Old Data -8080] ***************************************************
skipping: [172.27.16.54]

TASK [removing old data with folder new-tc] ************************************
skipping: [172.27.16.54]

TASK [extracting  data to the docroot -8080] ***********************************
skipping: [172.27.16.54]

TASK [copying app-config to js-8080] *******************************************
skipping: [172.27.16.54]

PLAY [Telegram Messege to remind me] *******************************************

TASK [Sending messege] *********************************************************
[WARNING]: The value ******** (type int) in a string field was converted to
u'********' (type string). If this does not look like what you expect, quote
the entire value to ensure it does not change.
changed: [localhost]

PLAY RECAP *********************************************************************
172.27.16.54               : ok=4    changed=4    unreachable=0    failed=0    skipped=4    rescued=0    ignored=0   
localhost                  : ok=2    changed=1    unreachable=0    failed=0    skipped=0    rescued=0    ignored=0   

Thu Oct 15 04:20:47 IST 2020
Tue Oct 20 13:57:28 IST 2020

PLAY [play for deploying branch on local] **************************************

TASK [git] *********************************************************************
changed: [localhost]

PLAY [play for copy data to the web server] ************************************

TASK [Backup Old Data -80] *****************************************************
skipping: [172.27.16.54]

TASK [removing old data with folder tc] ****************************************
skipping: [172.27.16.54]

TASK [extracting data to the docroot -80] **************************************
skipping: [172.27.16.54]

TASK [copying app-config to js-80] *********************************************
skipping: [172.27.16.54]

TASK [Backup Old Data -8080] ***************************************************
changed: [172.27.16.54]

TASK [removing old data with folder new-tc] ************************************
changed: [172.27.16.54]

TASK [extracting  data to the docroot -8080] ***********************************
changed: [172.27.16.54]

TASK [copying app-config to js-8080] *******************************************
changed: [172.27.16.54]

PLAY [Telegram Messege to remind me] *******************************************

TASK [Sending messege] *********************************************************
[WARNING]: The value ******** (type int) in a string field was converted to
u'********' (type string). If this does not look like what you expect, quote
the entire value to ensure it does not change.
changed: [localhost]

PLAY RECAP *********************************************************************
172.27.16.54               : ok=4    changed=4    unreachable=0    failed=0    skipped=4    rescued=0    ignored=0   
localhost                  : ok=2    changed=2    unreachable=0    failed=0    skipped=0    rescued=0    ignored=0   

Tue Oct 20 13:59:28 IST 2020
Sat Oct 24 11:02:18 IST 2020

PLAY [play for deploying branch on local] **************************************

TASK [git] *********************************************************************
Sat Oct 24 11:02:36 IST 2020

PLAY [play for deploying branch on local] **************************************

TASK [git] *********************************************************************
ok: [localhost]

PLAY [play for copy data to the web server] ************************************

TASK [Backup Old Data -80] *****************************************************
skipping: [172.27.16.54]

TASK [removing old data with folder tc] ****************************************
skipping: [172.27.16.54]

TASK [extracting data to the docroot -80] **************************************
skipping: [172.27.16.54]

TASK [copying app-config to js-80] *********************************************
skipping: [172.27.16.54]

TASK [Backup Old Data -8080] ***************************************************
changed: [172.27.16.54]

TASK [removing old data with folder new-tc] ************************************
changed: [172.27.16.54]

TASK [extracting  data to the docroot -8080] ***********************************
ok: [localhost]

PLAY [play for copy data to the web server] ************************************

TASK [Backup Old Data -80] *****************************************************
changed: [172.27.16.54]

TASK [copying app-config to js-8080] *******************************************
changed: [172.27.16.54]

TASK [removing old data with folder tc] ****************************************
changed: [172.27.16.54]

TASK [extracting data to the docroot -80] **************************************
changed: [172.27.16.54]

PLAY [Telegram Messege to remind me] *******************************************

TASK [Sending messege] *********************************************************
[WARNING]: The value ******** (type int) in a string field was converted to
u'********' (type string). If this does not look like what you expect, quote
the entire value to ensure it does not change.
changed: [localhost]

PLAY RECAP *********************************************************************
172.27.16.54               : ok=4    changed=4    unreachable=0    failed=0    skipped=4    rescued=0    ignored=0   
localhost                  : ok=2    changed=1    unreachable=0    failed=0    skipped=0    rescued=0    ignored=0   

Sat Oct 24 11:03:39 IST 2020
changed: [172.27.16.54]

TASK [copying app-config to js-80] *********************************************
changed: [172.27.16.54]

TASK [Backup Old Data -8080] ***************************************************
skipping: [172.27.16.54]

TASK [removing old data with folder new-tc] ************************************
skipping: [172.27.16.54]

TASK [extracting  data to the docroot -8080] ***********************************
skipping: [172.27.16.54]

TASK [copying app-config to js-8080] *******************************************
skipping: [172.27.16.54]

PLAY [Telegram Messege to remind me] *******************************************

TASK [Sending messege] *********************************************************
[WARNING]: The value ******** (type int) in a string field was converted to
u'********' (type string). If this does not look like what you expect, quote
the entire value to ensure it does not change.
changed: [localhost]

PLAY RECAP *********************************************************************
172.27.16.54               : ok=4    changed=4    unreachable=0    failed=0    skipped=4    rescued=0    ignored=0   
localhost                  : ok=2    changed=1    unreachable=0    failed=0    skipped=0    rescued=0    ignored=0   

Sat Oct 24 11:04:00 IST 2020
